{"C:\\Users\\daved\\OneDrive\\Documents\\Fabtrack\\RandomBack - Copy\\src\\config\\db.js": {"path":"C:\\Users\\daved\\OneDrive\\Documents\\Fabtrack\\RandomBack - Copy\\src\\config\\db.js","statementMap":{"0":{"start":{"line":1,"column":22},"end":{"line":1,"column":42}},"1":{"start":{"line":2,"column":0},"end":{"line":2,"column":27}},"2":{"start":{"line":4,"column":18},"end":{"line":23,"column":1}},"3":{"start":{"line":25,"column":18},"end":{"line":33,"column":1}},"4":{"start":{"line":26,"column":2},"end":{"line":32,"column":3}},"5":{"start":{"line":27,"column":4},"end":{"line":27,"column":35}},"6":{"start":{"line":28,"column":4},"end":{"line":28,"column":52}},"7":{"start":{"line":30,"column":4},"end":{"line":30,"column":64}},"8":{"start":{"line":31,"column":4},"end":{"line":31,"column":20}},"9":{"start":{"line":35,"column":0},"end":{"line":35,"column":42}}},"fnMap":{"0":{"name":"(anonymous_0)","decl":{"start":{"line":25,"column":18},"end":{"line":25,"column":19}},"loc":{"start":{"line":25,"column":30},"end":{"line":33,"column":1}},"line":25}},"branchMap":{"0":{"loc":{"start":{"line":11,"column":10},"end":{"line":11,"column":37}},"type":"binary-expr","locations":[{"start":{"line":11,"column":10},"end":{"line":11,"column":29}},{"start":{"line":11,"column":33},"end":{"line":11,"column":37}}],"line":11}},"s":{"0":2,"1":2,"2":2,"3":2,"4":0,"5":0,"6":0,"7":0,"8":0,"9":2},"f":{"0":0},"b":{"0":[2,0]},"_coverageSchema":"1a1c01bbd47fc00a2c39e90264f33305004495a9","hash":"c0124d7004e3396d103e5c63290df3a8131f2a45"}
,"C:\\Users\\daved\\OneDrive\\Documents\\Fabtrack\\RandomBack - Copy\\src\\controllers\\borrow.controller.js": {"path":"C:\\Users\\daved\\OneDrive\\Documents\\Fabtrack\\RandomBack - Copy\\src\\controllers\\borrow.controller.js","statementMap":{"0":{"start":{"line":1,"column":22},"end":{"line":1,"column":59}},"1":{"start":{"line":3,"column":25},"end":{"line":50,"column":1}},"2":{"start":{"line":5,"column":4},"end":{"line":13,"column":5}},"3":{"start":{"line":6,"column":21},"end":{"line":6,"column":36}},"4":{"start":{"line":7,"column":24},"end":{"line":7,"column":32}},"5":{"start":{"line":9,"column":28},"end":{"line":9,"column":79}},"6":{"start":{"line":10,"column":6},"end":{"line":10,"column":76}},"7":{"start":{"line":12,"column":6},"end":{"line":12,"column":55}},"8":{"start":{"line":17,"column":4},"end":{"line":26,"column":5}},"9":{"start":{"line":18,"column":28},"end":{"line":18,"column":38}},"10":{"start":{"line":19,"column":36},"end":{"line":19,"column":44}},"11":{"start":{"line":22,"column":30},"end":{"line":22,"column":94}},"12":{"start":{"line":23,"column":6},"end":{"line":23,"column":77}},"13":{"start":{"line":25,"column":6},"end":{"line":25,"column":55}},"14":{"start":{"line":30,"column":4},"end":{"line":36,"column":5}},"15":{"start":{"line":31,"column":28},"end":{"line":31,"column":38}},"16":{"start":{"line":32,"column":30},"end":{"line":32,"column":76}},"17":{"start":{"line":33,"column":6},"end":{"line":33,"column":79}},"18":{"start":{"line":35,"column":6},"end":{"line":35,"column":55}},"19":{"start":{"line":40,"column":4},"end":{"line":48,"column":5}},"20":{"start":{"line":41,"column":20},"end":{"line":41,"column":67}},"21":{"start":{"line":42,"column":6},"end":{"line":44,"column":7}},"22":{"start":{"line":43,"column":8},"end":{"line":43,"column":84}},"23":{"start":{"line":45,"column":6},"end":{"line":45,"column":71}},"24":{"start":{"line":47,"column":6},"end":{"line":47,"column":55}},"25":{"start":{"line":52,"column":0},"end":{"line":52,"column":34}}},"fnMap":{"0":{"name":"(anonymous_0)","decl":{"start":{"line":4,"column":20},"end":{"line":4,"column":21}},"loc":{"start":{"line":4,"column":40},"end":{"line":14,"column":3}},"line":4},"1":{"name":"(anonymous_1)","decl":{"start":{"line":16,"column":18},"end":{"line":16,"column":19}},"loc":{"start":{"line":16,"column":38},"end":{"line":27,"column":3}},"line":16},"2":{"name":"(anonymous_2)","decl":{"start":{"line":29,"column":19},"end":{"line":29,"column":20}},"loc":{"start":{"line":29,"column":39},"end":{"line":37,"column":3}},"line":29},"3":{"name":"(anonymous_3)","decl":{"start":{"line":39,"column":16},"end":{"line":39,"column":17}},"loc":{"start":{"line":39,"column":36},"end":{"line":49,"column":3}},"line":39}},"branchMap":{"0":{"loc":{"start":{"line":42,"column":6},"end":{"line":44,"column":7}},"type":"if","locations":[{"start":{"line":42,"column":6},"end":{"line":44,"column":7}},{"start":{},"end":{}}],"line":42}},"s":{"0":1,"1":1,"2":2,"3":2,"4":2,"5":2,"6":1,"7":1,"8":0,"9":0,"10":0,"11":0,"12":0,"13":0,"14":0,"15":0,"16":0,"17":0,"18":0,"19":0,"20":0,"21":0,"22":0,"23":0,"24":0,"25":1},"f":{"0":2,"1":0,"2":0,"3":0},"b":{"0":[0,0]},"_coverageSchema":"1a1c01bbd47fc00a2c39e90264f33305004495a9","hash":"8073553f8902f7319c6977f6ffcda4fea2a6e41b"}
,"C:\\Users\\daved\\OneDrive\\Documents\\Fabtrack\\RandomBack - Copy\\src\\controllers\\equipment.controller.js": {"path":"C:\\Users\\daved\\OneDrive\\Documents\\Fabtrack\\RandomBack - Copy\\src\\controllers\\equipment.controller.js","statementMap":{"0":{"start":{"line":1,"column":25},"end":{"line":1,"column":65}},"1":{"start":{"line":3,"column":28},"end":{"line":57,"column":1}},"2":{"start":{"line":5,"column":4},"end":{"line":13,"column":5}},"3":{"start":{"line":6,"column":23},"end":{"line":6,"column":31}},"4":{"start":{"line":8,"column":21},"end":{"line":8,"column":36}},"5":{"start":{"line":9,"column":24},"end":{"line":9,"column":73}},"6":{"start":{"line":10,"column":6},"end":{"line":10,"column":83}},"7":{"start":{"line":12,"column":6},"end":{"line":12,"column":55}},"8":{"start":{"line":17,"column":4},"end":{"line":25,"column":5}},"9":{"start":{"line":18,"column":30},"end":{"line":18,"column":40}},"10":{"start":{"line":19,"column":23},"end":{"line":19,"column":31}},"11":{"start":{"line":20,"column":21},"end":{"line":20,"column":36}},"12":{"start":{"line":21,"column":31},"end":{"line":21,"column":96}},"13":{"start":{"line":22,"column":6},"end":{"line":22,"column":92}},"14":{"start":{"line":24,"column":6},"end":{"line":24,"column":55}},"15":{"start":{"line":29,"column":4},"end":{"line":36,"column":5}},"16":{"start":{"line":30,"column":30},"end":{"line":30,"column":40}},"17":{"start":{"line":31,"column":21},"end":{"line":31,"column":36}},"18":{"start":{"line":32,"column":6},"end":{"line":32,"column":66}},"19":{"start":{"line":33,"column":6},"end":{"line":33,"column":74}},"20":{"start":{"line":35,"column":6},"end":{"line":35,"column":55}},"21":{"start":{"line":40,"column":4},"end":{"line":45,"column":5}},"22":{"start":{"line":41,"column":28},"end":{"line":41,"column":68}},"23":{"start":{"line":42,"column":6},"end":{"line":42,"column":46}},"24":{"start":{"line":44,"column":6},"end":{"line":44,"column":55}},"25":{"start":{"line":49,"column":4},"end":{"line":55,"column":5}},"26":{"start":{"line":50,"column":30},"end":{"line":50,"column":40}},"27":{"start":{"line":51,"column":24},"end":{"line":51,"column":76}},"28":{"start":{"line":52,"column":6},"end":{"line":52,"column":42}},"29":{"start":{"line":54,"column":6},"end":{"line":54,"column":55}},"30":{"start":{"line":59,"column":0},"end":{"line":59,"column":37}}},"fnMap":{"0":{"name":"(anonymous_0)","decl":{"start":{"line":4,"column":16},"end":{"line":4,"column":17}},"loc":{"start":{"line":4,"column":36},"end":{"line":14,"column":3}},"line":4},"1":{"name":"(anonymous_1)","decl":{"start":{"line":16,"column":19},"end":{"line":16,"column":20}},"loc":{"start":{"line":16,"column":39},"end":{"line":26,"column":3}},"line":16},"2":{"name":"(anonymous_2)","decl":{"start":{"line":28,"column":19},"end":{"line":28,"column":20}},"loc":{"start":{"line":28,"column":39},"end":{"line":37,"column":3}},"line":28},"3":{"name":"(anonymous_3)","decl":{"start":{"line":39,"column":19},"end":{"line":39,"column":20}},"loc":{"start":{"line":39,"column":39},"end":{"line":46,"column":3}},"line":39},"4":{"name":"(anonymous_4)","decl":{"start":{"line":48,"column":20},"end":{"line":48,"column":21}},"loc":{"start":{"line":48,"column":40},"end":{"line":56,"column":3}},"line":48}},"branchMap":{},"s":{"0":1,"1":1,"2":2,"3":2,"4":2,"5":2,"6":1,"7":1,"8":0,"9":0,"10":0,"11":0,"12":0,"13":0,"14":0,"15":0,"16":0,"17":0,"18":0,"19":0,"20":0,"21":0,"22":0,"23":0,"24":0,"25":0,"26":0,"27":0,"28":0,"29":0,"30":1},"f":{"0":2,"1":0,"2":0,"3":0,"4":0},"b":{},"_coverageSchema":"1a1c01bbd47fc00a2c39e90264f33305004495a9","hash":"5f61111755f634943a4626bedc1744b13e87e7e7"}
,"C:\\Users\\daved\\OneDrive\\Documents\\Fabtrack\\RandomBack - Copy\\src\\middlewares\\auth.middleware.js": {"path":"C:\\Users\\daved\\OneDrive\\Documents\\Fabtrack\\RandomBack - Copy\\src\\middlewares\\auth.middleware.js","statementMap":{"0":{"start":{"line":1,"column":12},"end":{"line":1,"column":35}},"1":{"start":{"line":2,"column":0},"end":{"line":2,"column":27}},"2":{"start":{"line":4,"column":25},"end":{"line":24,"column":1}},"3":{"start":{"line":5,"column":2},"end":{"line":23,"column":3}},"4":{"start":{"line":6,"column":23},"end":{"line":6,"column":48}},"5":{"start":{"line":7,"column":4},"end":{"line":9,"column":5}},"6":{"start":{"line":8,"column":6},"end":{"line":8,"column":83}},"7":{"start":{"line":11,"column":18},"end":{"line":11,"column":42}},"8":{"start":{"line":12,"column":4},"end":{"line":14,"column":5}},"9":{"start":{"line":13,"column":6},"end":{"line":13,"column":71}},"10":{"start":{"line":16,"column":20},"end":{"line":16,"column":61}},"11":{"start":{"line":18,"column":4},"end":{"line":18,"column":23}},"12":{"start":{"line":20,"column":4},"end":{"line":20,"column":18}},"13":{"start":{"line":22,"column":4},"end":{"line":22,"column":83}},"14":{"start":{"line":26,"column":0},"end":{"line":26,"column":34}}},"fnMap":{"0":{"name":"(anonymous_0)","decl":{"start":{"line":4,"column":25},"end":{"line":4,"column":26}},"loc":{"start":{"line":4,"column":45},"end":{"line":24,"column":1}},"line":4}},"branchMap":{"0":{"loc":{"start":{"line":7,"column":4},"end":{"line":9,"column":5}},"type":"if","locations":[{"start":{"line":7,"column":4},"end":{"line":9,"column":5}},{"start":{},"end":{}}],"line":7},"1":{"loc":{"start":{"line":12,"column":4},"end":{"line":14,"column":5}},"type":"if","locations":[{"start":{"line":12,"column":4},"end":{"line":14,"column":5}},{"start":{},"end":{}}],"line":12}},"s":{"0":1,"1":1,"2":1,"3":3,"4":3,"5":3,"6":1,"7":2,"8":2,"9":0,"10":2,"11":1,"12":1,"13":1,"14":1},"f":{"0":3},"b":{"0":[1,2],"1":[0,2]},"_coverageSchema":"1a1c01bbd47fc00a2c39e90264f33305004495a9","hash":"e1fdc51921f20fb4974a0d239bf03e1031dfa99b"}
,"C:\\Users\\daved\\OneDrive\\Documents\\Fabtrack\\RandomBack - Copy\\src\\middlewares\\role.middleware.js": {"path":"C:\\Users\\daved\\OneDrive\\Documents\\Fabtrack\\RandomBack - Copy\\src\\middlewares\\role.middleware.js","statementMap":{"0":{"start":{"line":1,"column":23},"end":{"line":9,"column":3}},"1":{"start":{"line":2,"column":4},"end":{"line":8,"column":6}},"2":{"start":{"line":3,"column":23},"end":{"line":3,"column":36}},"3":{"start":{"line":4,"column":6},"end":{"line":6,"column":7}},"4":{"start":{"line":5,"column":8},"end":{"line":5,"column":92}},"5":{"start":{"line":7,"column":6},"end":{"line":7,"column":13}},"6":{"start":{"line":11,"column":2},"end":{"line":11,"column":34}}},"fnMap":{"0":{"name":"(anonymous_0)","decl":{"start":{"line":1,"column":23},"end":{"line":1,"column":24}},"loc":{"start":{"line":1,"column":41},"end":{"line":9,"column":3}},"line":1},"1":{"name":"(anonymous_1)","decl":{"start":{"line":2,"column":11},"end":{"line":2,"column":12}},"loc":{"start":{"line":2,"column":31},"end":{"line":8,"column":5}},"line":2}},"branchMap":{"0":{"loc":{"start":{"line":4,"column":6},"end":{"line":6,"column":7}},"type":"if","locations":[{"start":{"line":4,"column":6},"end":{"line":6,"column":7}},{"start":{},"end":{}}],"line":4}},"s":{"0":1,"1":2,"2":2,"3":2,"4":1,"5":1,"6":1},"f":{"0":2,"1":2},"b":{"0":[1,1]},"_coverageSchema":"1a1c01bbd47fc00a2c39e90264f33305004495a9","hash":"feb0557cb0efe3380365e248c6a864ba477a5878"}
,"C:\\Users\\daved\\OneDrive\\Documents\\Fabtrack\\RandomBack - Copy\\src\\models\\auditLog.model.js": {"path":"C:\\Users\\daved\\OneDrive\\Documents\\Fabtrack\\RandomBack - Copy\\src\\models\\auditLog.model.js","statementMap":{"0":{"start":{"line":1,"column":22},"end":{"line":1,"column":42}},"1":{"start":{"line":2,"column":22},"end":{"line":2,"column":45}},"2":{"start":{"line":3,"column":13},"end":{"line":3,"column":36}},"3":{"start":{"line":5,"column":17},"end":{"line":37,"column":2}},"4":{"start":{"line":39,"column":0},"end":{"line":39,"column":26}}},"fnMap":{},"branchMap":{},"s":{"0":2,"1":2,"2":2,"3":2,"4":2},"f":{},"b":{},"_coverageSchema":"1a1c01bbd47fc00a2c39e90264f33305004495a9","hash":"968cd3d560d892a5e9a28099ec25551990c35a4a"}
,"C:\\Users\\daved\\OneDrive\\Documents\\Fabtrack\\RandomBack - Copy\\src\\models\\borrowRequest.model.js": {"path":"C:\\Users\\daved\\OneDrive\\Documents\\Fabtrack\\RandomBack - Copy\\src\\models\\borrowRequest.model.js","statementMap":{"0":{"start":{"line":1,"column":22},"end":{"line":1,"column":42}},"1":{"start":{"line":2,"column":22},"end":{"line":2,"column":45}},"2":{"start":{"line":3,"column":13},"end":{"line":3,"column":36}},"3":{"start":{"line":5,"column":22},"end":{"line":39,"column":2}},"4":{"start":{"line":41,"column":0},"end":{"line":41,"column":31}}},"fnMap":{},"branchMap":{},"s":{"0":2,"1":2,"2":2,"3":2,"4":2},"f":{},"b":{},"_coverageSchema":"1a1c01bbd47fc00a2c39e90264f33305004495a9","hash":"7a3348aef717b8e06b28dc78f890b57b41e08fe2"}
,"C:\\Users\\daved\\OneDrive\\Documents\\Fabtrack\\RandomBack - Copy\\src\\models\\borrowedItem.model.js": {"path":"C:\\Users\\daved\\OneDrive\\Documents\\Fabtrack\\RandomBack - Copy\\src\\models\\borrowedItem.model.js","statementMap":{"0":{"start":{"line":1,"column":22},"end":{"line":1,"column":42}},"1":{"start":{"line":2,"column":22},"end":{"line":2,"column":45}},"2":{"start":{"line":3,"column":22},"end":{"line":3,"column":54}},"3":{"start":{"line":4,"column":18},"end":{"line":4,"column":46}},"4":{"start":{"line":6,"column":21},"end":{"line":42,"column":2}},"5":{"start":{"line":44,"column":0},"end":{"line":44,"column":30}}},"fnMap":{},"branchMap":{},"s":{"0":2,"1":2,"2":2,"3":2,"4":2,"5":2},"f":{},"b":{},"_coverageSchema":"1a1c01bbd47fc00a2c39e90264f33305004495a9","hash":"ef0ff9f524f3783557948461410f762466d4b2b7"}
,"C:\\Users\\daved\\OneDrive\\Documents\\Fabtrack\\RandomBack - Copy\\src\\models\\equipment.model.js": {"path":"C:\\Users\\daved\\OneDrive\\Documents\\Fabtrack\\RandomBack - Copy\\src\\models\\equipment.model.js","statementMap":{"0":{"start":{"line":1,"column":22},"end":{"line":1,"column":42}},"1":{"start":{"line":2,"column":22},"end":{"line":2,"column":45}},"2":{"start":{"line":4,"column":18},"end":{"line":16,"column":2}},"3":{"start":{"line":18,"column":0},"end":{"line":18,"column":27}}},"fnMap":{},"branchMap":{},"s":{"0":2,"1":2,"2":2,"3":2},"f":{},"b":{},"_coverageSchema":"1a1c01bbd47fc00a2c39e90264f33305004495a9","hash":"496ea24f34259fcf11a0a0054e5b994a2c993abd"}
,"C:\\Users\\daved\\OneDrive\\Documents\\Fabtrack\\RandomBack - Copy\\src\\models\\index.js": {"path":"C:\\Users\\daved\\OneDrive\\Documents\\Fabtrack\\RandomBack - Copy\\src\\models\\index.js","statementMap":{"0":{"start":{"line":1,"column":22},"end":{"line":1,"column":45}},"1":{"start":{"line":2,"column":13},"end":{"line":2,"column":36}},"2":{"start":{"line":3,"column":18},"end":{"line":3,"column":46}},"3":{"start":{"line":4,"column":22},"end":{"line":4,"column":54}},"4":{"start":{"line":5,"column":21},"end":{"line":5,"column":52}},"5":{"start":{"line":6,"column":17},"end":{"line":6,"column":44}},"6":{"start":{"line":7,"column":17},"end":{"line":7,"column":44}},"7":{"start":{"line":10,"column":0},"end":{"line":10,"column":54}},"8":{"start":{"line":11,"column":0},"end":{"line":11,"column":56}},"9":{"start":{"line":13,"column":0},"end":{"line":13,"column":65}},"10":{"start":{"line":14,"column":0},"end":{"line":14,"column":67}},"11":{"start":{"line":16,"column":0},"end":{"line":16,"column":63}},"12":{"start":{"line":17,"column":0},"end":{"line":17,"column":65}},"13":{"start":{"line":19,"column":0},"end":{"line":19,"column":61}},"14":{"start":{"line":20,"column":0},"end":{"line":20,"column":63}},"15":{"start":{"line":22,"column":0},"end":{"line":22,"column":49}},"16":{"start":{"line":23,"column":0},"end":{"line":23,"column":51}},"17":{"start":{"line":25,"column":0},"end":{"line":25,"column":61}},"18":{"start":{"line":26,"column":0},"end":{"line":26,"column":63}},"19":{"start":{"line":28,"column":0},"end":{"line":36,"column":2}}},"fnMap":{},"branchMap":{},"s":{"0":2,"1":2,"2":2,"3":2,"4":2,"5":2,"6":2,"7":2,"8":2,"9":2,"10":2,"11":2,"12":2,"13":2,"14":2,"15":2,"16":2,"17":2,"18":2,"19":2},"f":{},"b":{},"_coverageSchema":"1a1c01bbd47fc00a2c39e90264f33305004495a9","hash":"08243af991fda08e68b3a127e55bc07ea667819e"}
,"C:\\Users\\daved\\OneDrive\\Documents\\Fabtrack\\RandomBack - Copy\\src\\models\\reminder.model.js": {"path":"C:\\Users\\daved\\OneDrive\\Documents\\Fabtrack\\RandomBack - Copy\\src\\models\\reminder.model.js","statementMap":{"0":{"start":{"line":1,"column":22},"end":{"line":1,"column":42}},"1":{"start":{"line":2,"column":22},"end":{"line":2,"column":45}},"2":{"start":{"line":3,"column":22},"end":{"line":3,"column":54}},"3":{"start":{"line":5,"column":17},"end":{"line":29,"column":2}},"4":{"start":{"line":31,"column":0},"end":{"line":31,"column":26}}},"fnMap":{},"branchMap":{},"s":{"0":2,"1":2,"2":2,"3":2,"4":2},"f":{},"b":{},"_coverageSchema":"1a1c01bbd47fc00a2c39e90264f33305004495a9","hash":"283860d12d56fe62c20541bc6880be3f1ce47c7f"}
,"C:\\Users\\daved\\OneDrive\\Documents\\Fabtrack\\RandomBack - Copy\\src\\models\\user.model.js": {"path":"C:\\Users\\daved\\OneDrive\\Documents\\Fabtrack\\RandomBack - Copy\\src\\models\\user.model.js","statementMap":{"0":{"start":{"line":1,"column":22},"end":{"line":1,"column":42}},"1":{"start":{"line":2,"column":22},"end":{"line":2,"column":45}},"2":{"start":{"line":4,"column":13},"end":{"line":37,"column":2}},"3":{"start":{"line":39,"column":0},"end":{"line":39,"column":22}}},"fnMap":{},"branchMap":{},"s":{"0":2,"1":2,"2":2,"3":2},"f":{},"b":{},"_coverageSchema":"1a1c01bbd47fc00a2c39e90264f33305004495a9","hash":"90ea13017f3e02af65063b66f24f9acf8155eb46"}
,"C:\\Users\\daved\\OneDrive\\Documents\\Fabtrack\\RandomBack - Copy\\src\\services\\borrow.service.js": {"path":"C:\\Users\\daved\\OneDrive\\Documents\\Fabtrack\\RandomBack - Copy\\src\\services\\borrow.service.js","statementMap":{"0":{"start":{"line":1,"column":77},"end":{"line":1,"column":97}},"1":{"start":{"line":2,"column":21},"end":{"line":2,"column":47}},"2":{"start":{"line":4,"column":22},"end":{"line":193,"column":1}},"3":{"start":{"line":6,"column":20},"end":{"line":6,"column":47}},"4":{"start":{"line":7,"column":4},"end":{"line":9,"column":5}},"5":{"start":{"line":8,"column":6},"end":{"line":8,"column":49}},"6":{"start":{"line":11,"column":18},"end":{"line":11,"column":66}},"7":{"start":{"line":12,"column":4},"end":{"line":14,"column":5}},"8":{"start":{"line":13,"column":6},"end":{"line":13,"column":40}},"9":{"start":{"line":17,"column":26},"end":{"line":22,"column":6}},"10":{"start":{"line":25,"column":4},"end":{"line":38,"column":5}},"11":{"start":{"line":27,"column":20},"end":{"line":27,"column":62}},"12":{"start":{"line":28,"column":6},"end":{"line":30,"column":7}},"13":{"start":{"line":29,"column":8},"end":{"line":29,"column":71}},"14":{"start":{"line":31,"column":6},"end":{"line":37,"column":9}},"15":{"start":{"line":41,"column":4},"end":{"line":47,"column":7}},"16":{"start":{"line":50,"column":26},"end":{"line":55,"column":6}},"17":{"start":{"line":58,"column":4},"end":{"line":63,"column":6}},"18":{"start":{"line":65,"column":4},"end":{"line":65,"column":25}},"19":{"start":{"line":69,"column":20},"end":{"line":69,"column":59}},"20":{"start":{"line":70,"column":4},"end":{"line":72,"column":5}},"21":{"start":{"line":71,"column":6},"end":{"line":71,"column":64}},"22":{"start":{"line":75,"column":4},"end":{"line":90,"column":5}},"23":{"start":{"line":76,"column":67},"end":{"line":76,"column":75}},"24":{"start":{"line":78,"column":27},"end":{"line":78,"column":70}},"25":{"start":{"line":79,"column":6},"end":{"line":81,"column":7}},"26":{"start":{"line":80,"column":8},"end":{"line":80,"column":72}},"27":{"start":{"line":83,"column":6},"end":{"line":89,"column":7}},"28":{"start":{"line":84,"column":8},"end":{"line":84,"column":37}},"29":{"start":{"line":86,"column":8},"end":{"line":86,"column":64}},"30":{"start":{"line":86,"column":25},"end":{"line":86,"column":64}},"31":{"start":{"line":87,"column":8},"end":{"line":87,"column":67}},"32":{"start":{"line":87,"column":26},"end":{"line":87,"column":67}},"33":{"start":{"line":88,"column":8},"end":{"line":88,"column":34}},"34":{"start":{"line":93,"column":27},"end":{"line":93,"column":90}},"35":{"start":{"line":94,"column":4},"end":{"line":100,"column":5}},"36":{"start":{"line":96,"column":6},"end":{"line":96,"column":34}},"37":{"start":{"line":98,"column":6},"end":{"line":98,"column":34}},"38":{"start":{"line":99,"column":6},"end":{"line":99,"column":38}},"39":{"start":{"line":101,"column":4},"end":{"line":101,"column":25}},"40":{"start":{"line":104,"column":20},"end":{"line":104,"column":55}},"41":{"start":{"line":107,"column":25},"end":{"line":112,"column":6}},"42":{"start":{"line":114,"column":4},"end":{"line":121,"column":5}},"43":{"start":{"line":115,"column":6},"end":{"line":120,"column":8}},"44":{"start":{"line":124,"column":4},"end":{"line":130,"column":7}},"45":{"start":{"line":132,"column":4},"end":{"line":132,"column":19}},"46":{"start":{"line":136,"column":20},"end":{"line":136,"column":59}},"47":{"start":{"line":137,"column":4},"end":{"line":139,"column":5}},"48":{"start":{"line":138,"column":6},"end":{"line":138,"column":66}},"49":{"start":{"line":141,"column":4},"end":{"line":141,"column":32}},"50":{"start":{"line":142,"column":4},"end":{"line":142,"column":25}},"51":{"start":{"line":145,"column":4},"end":{"line":151,"column":7}},"52":{"start":{"line":153,"column":4},"end":{"line":153,"column":19}},"53":{"start":{"line":157,"column":27},"end":{"line":157,"column":37}},"54":{"start":{"line":158,"column":4},"end":{"line":158,"column":57}},"55":{"start":{"line":160,"column":24},"end":{"line":165,"column":6}},"56":{"start":{"line":167,"column":24},"end":{"line":167,"column":25}},"57":{"start":{"line":169,"column":4},"end":{"line":189,"column":5}},"58":{"start":{"line":170,"column":22},"end":{"line":170,"column":57}},"59":{"start":{"line":171,"column":6},"end":{"line":188,"column":7}},"60":{"start":{"line":172,"column":8},"end":{"line":172,"column":94}},"61":{"start":{"line":173,"column":8},"end":{"line":177,"column":11}},"62":{"start":{"line":179,"column":8},"end":{"line":185,"column":11}},"63":{"start":{"line":187,"column":8},"end":{"line":187,"column":24}},"64":{"start":{"line":191,"column":4},"end":{"line":191,"column":25}},"65":{"start":{"line":195,"column":0},"end":{"line":195,"column":31}}},"fnMap":{"0":{"name":"(anonymous_0)","decl":{"start":{"line":5,"column":20},"end":{"line":5,"column":21}},"loc":{"start":{"line":5,"column":45},"end":{"line":66,"column":3}},"line":5},"1":{"name":"(anonymous_1)","decl":{"start":{"line":68,"column":18},"end":{"line":68,"column":19}},"loc":{"start":{"line":68,"column":58},"end":{"line":133,"column":3}},"line":68},"2":{"name":"(anonymous_2)","decl":{"start":{"line":135,"column":19},"end":{"line":135,"column":20}},"loc":{"start":{"line":135,"column":40},"end":{"line":154,"column":3}},"line":135},"3":{"name":"(anonymous_3)","decl":{"start":{"line":156,"column":29},"end":{"line":156,"column":30}},"loc":{"start":{"line":156,"column":41},"end":{"line":192,"column":3}},"line":156}},"branchMap":{"0":{"loc":{"start":{"line":7,"column":4},"end":{"line":9,"column":5}},"type":"if","locations":[{"start":{"line":7,"column":4},"end":{"line":9,"column":5}},{"start":{},"end":{}}],"line":7},"1":{"loc":{"start":{"line":7,"column":8},"end":{"line":7,"column":46}},"type":"binary-expr","locations":[{"start":{"line":7,"column":8},"end":{"line":7,"column":16}},{"start":{"line":7,"column":20},"end":{"line":7,"column":46}}],"line":7},"2":{"loc":{"start":{"line":12,"column":4},"end":{"line":14,"column":5}},"type":"if","locations":[{"start":{"line":12,"column":4},"end":{"line":14,"column":5}},{"start":{},"end":{}}],"line":12},"3":{"loc":{"start":{"line":28,"column":6},"end":{"line":30,"column":7}},"type":"if","locations":[{"start":{"line":28,"column":6},"end":{"line":30,"column":7}},{"start":{},"end":{}}],"line":28},"4":{"loc":{"start":{"line":34,"column":21},"end":{"line":34,"column":45}},"type":"binary-expr","locations":[{"start":{"line":34,"column":21},"end":{"line":34,"column":37}},{"start":{"line":34,"column":41},"end":{"line":34,"column":45}}],"line":34},"5":{"loc":{"start":{"line":70,"column":4},"end":{"line":72,"column":5}},"type":"if","locations":[{"start":{"line":70,"column":4},"end":{"line":72,"column":5}},{"start":{},"end":{}}],"line":70},"6":{"loc":{"start":{"line":70,"column":8},"end":{"line":70,"column":48}},"type":"binary-expr","locations":[{"start":{"line":70,"column":8},"end":{"line":70,"column":16}},{"start":{"line":70,"column":20},"end":{"line":70,"column":48}}],"line":70},"7":{"loc":{"start":{"line":79,"column":6},"end":{"line":81,"column":7}},"type":"if","locations":[{"start":{"line":79,"column":6},"end":{"line":81,"column":7}},{"start":{},"end":{}}],"line":79},"8":{"loc":{"start":{"line":79,"column":10},"end":{"line":79,"column":62}},"type":"binary-expr","locations":[{"start":{"line":79,"column":10},"end":{"line":79,"column":23}},{"start":{"line":79,"column":27},"end":{"line":79,"column":62}}],"line":79},"9":{"loc":{"start":{"line":83,"column":6},"end":{"line":89,"column":7}},"type":"if","locations":[{"start":{"line":83,"column":6},"end":{"line":89,"column":7}},{"start":{"line":85,"column":13},"end":{"line":89,"column":7}}],"line":83},"10":{"loc":{"start":{"line":86,"column":8},"end":{"line":86,"column":64}},"type":"if","locations":[{"start":{"line":86,"column":8},"end":{"line":86,"column":64}},{"start":{},"end":{}}],"line":86},"11":{"loc":{"start":{"line":87,"column":8},"end":{"line":87,"column":67}},"type":"if","locations":[{"start":{"line":87,"column":8},"end":{"line":87,"column":67}},{"start":{},"end":{}}],"line":87},"12":{"loc":{"start":{"line":94,"column":4},"end":{"line":100,"column":5}},"type":"if","locations":[{"start":{"line":94,"column":4},"end":{"line":100,"column":5}},{"start":{"line":97,"column":11},"end":{"line":100,"column":5}}],"line":94},"13":{"loc":{"start":{"line":114,"column":4},"end":{"line":121,"column":5}},"type":"if","locations":[{"start":{"line":114,"column":4},"end":{"line":121,"column":5}},{"start":{},"end":{}}],"line":114},"14":{"loc":{"start":{"line":137,"column":4},"end":{"line":139,"column":5}},"type":"if","locations":[{"start":{"line":137,"column":4},"end":{"line":139,"column":5}},{"start":{},"end":{}}],"line":137},"15":{"loc":{"start":{"line":137,"column":8},"end":{"line":137,"column":49}},"type":"binary-expr","locations":[{"start":{"line":137,"column":8},"end":{"line":137,"column":16}},{"start":{"line":137,"column":20},"end":{"line":137,"column":49}}],"line":137},"16":{"loc":{"start":{"line":171,"column":6},"end":{"line":188,"column":7}},"type":"if","locations":[{"start":{"line":171,"column":6},"end":{"line":188,"column":7}},{"start":{},"end":{}}],"line":171}},"s":{"0":2,"1":2,"2":2,"3":2,"4":2,"5":1,"6":1,"7":1,"8":0,"9":1,"10":1,"11":1,"12":1,"13":0,"14":1,"15":1,"16":1,"17":1,"18":1,"19":1,"20":1,"21":1,"22":0,"23":0,"24":0,"25":0,"26":0,"27":0,"28":0,"29":0,"30":0,"31":0,"32":0,"33":0,"34":0,"35":0,"36":0,"37":0,"38":0,"39":0,"40":0,"41":0,"42":0,"43":0,"44":0,"45":0,"46":0,"47":0,"48":0,"49":0,"50":0,"51":0,"52":0,"53":0,"54":0,"55":0,"56":0,"57":0,"58":0,"59":0,"60":0,"61":0,"62":0,"63":0,"64":0,"65":2},"f":{"0":2,"1":1,"2":0,"3":0},"b":{"0":[1,1],"1":[2,2],"2":[0,1],"3":[0,1],"4":[1,0],"5":[1,0],"6":[1,1],"7":[0,0],"8":[0,0],"9":[0,0],"10":[0,0],"11":[0,0],"12":[0,0],"13":[0,0],"14":[0,0],"15":[0,0],"16":[0,0]},"_coverageSchema":"1a1c01bbd47fc00a2c39e90264f33305004495a9","hash":"dfbf587232270476ac35cb7f66d5732656c6db2c"}
,"C:\\Users\\daved\\OneDrive\\Documents\\Fabtrack\\RandomBack - Copy\\src\\services\\email.service.js": {"path":"C:\\Users\\daved\\OneDrive\\Documents\\Fabtrack\\RandomBack - Copy\\src\\services\\email.service.js","statementMap":{"0":{"start":{"line":1,"column":19},"end":{"line":1,"column":40}},"1":{"start":{"line":2,"column":0},"end":{"line":2,"column":27}},"2":{"start":{"line":4,"column":20},"end":{"line":13,"column":2}},"3":{"start":{"line":15,"column":21},"end":{"line":82,"column":1}},"4":{"start":{"line":23,"column":22},"end":{"line":23,"column":24}},"5":{"start":{"line":24,"column":4},"end":{"line":28,"column":5}},"6":{"start":{"line":25,"column":24},"end":{"line":25,"column":82}},"7":{"start":{"line":26,"column":18},"end":{"line":26,"column":36}},"8":{"start":{"line":27,"column":6},"end":{"line":27,"column":55}},"9":{"start":{"line":30,"column":31},"end":{"line":35,"column":5}},"10":{"start":{"line":37,"column":29},"end":{"line":42,"column":5}},"11":{"start":{"line":44,"column":4},"end":{"line":44,"column":51}},"12":{"start":{"line":45,"column":4},"end":{"line":45,"column":49}},"13":{"start":{"line":53,"column":22},"end":{"line":53,"column":24}},"14":{"start":{"line":54,"column":4},"end":{"line":60,"column":5}},"15":{"start":{"line":55,"column":24},"end":{"line":55,"column":82}},"16":{"start":{"line":56,"column":18},"end":{"line":56,"column":36}},"17":{"start":{"line":58,"column":17},"end":{"line":58,"column":71}},"18":{"start":{"line":59,"column":6},"end":{"line":59,"column":54}},"19":{"start":{"line":62,"column":24},"end":{"line":67,"column":5}},"20":{"start":{"line":69,"column":4},"end":{"line":69,"column":44}},"21":{"start":{"line":73,"column":24},"end":{"line":78,"column":5}},"22":{"start":{"line":80,"column":4},"end":{"line":80,"column":44}},"23":{"start":{"line":84,"column":0},"end":{"line":84,"column":30}}},"fnMap":{"0":{"name":"(anonymous_0)","decl":{"start":{"line":21,"column":33},"end":{"line":21,"column":34}},"loc":{"start":{"line":21,"column":95},"end":{"line":46,"column":3}},"line":21},"1":{"name":"(anonymous_1)","decl":{"start":{"line":52,"column":28},"end":{"line":52,"column":29}},"loc":{"start":{"line":52,"column":90},"end":{"line":70,"column":3}},"line":52},"2":{"name":"(anonymous_2)","decl":{"start":{"line":72,"column":16},"end":{"line":72,"column":17}},"loc":{"start":{"line":72,"column":63},"end":{"line":81,"column":3}},"line":72}},"branchMap":{"0":{"loc":{"start":{"line":25,"column":24},"end":{"line":25,"column":82}},"type":"cond-expr","locations":[{"start":{"line":25,"column":41},"end":{"line":25,"column":60}},{"start":{"line":25,"column":63},"end":{"line":25,"column":82}}],"line":25},"1":{"loc":{"start":{"line":26,"column":18},"end":{"line":26,"column":36}},"type":"binary-expr","locations":[{"start":{"line":26,"column":18},"end":{"line":26,"column":31}},{"start":{"line":26,"column":35},"end":{"line":26,"column":36}}],"line":26},"2":{"loc":{"start":{"line":55,"column":24},"end":{"line":55,"column":82}},"type":"cond-expr","locations":[{"start":{"line":55,"column":41},"end":{"line":55,"column":60}},{"start":{"line":55,"column":63},"end":{"line":55,"column":82}}],"line":55},"3":{"loc":{"start":{"line":56,"column":18},"end":{"line":56,"column":36}},"type":"binary-expr","locations":[{"start":{"line":56,"column":18},"end":{"line":56,"column":31}},{"start":{"line":56,"column":35},"end":{"line":56,"column":36}}],"line":56},"4":{"loc":{"start":{"line":58,"column":17},"end":{"line":58,"column":71}},"type":"cond-expr","locations":[{"start":{"line":58,"column":37},"end":{"line":58,"column":66}},{"start":{"line":58,"column":69},"end":{"line":58,"column":71}}],"line":58}},"s":{"0":2,"1":2,"2":2,"3":2,"4":1,"5":1,"6":1,"7":1,"8":1,"9":1,"10":1,"11":1,"12":1,"13":0,"14":0,"15":0,"16":0,"17":0,"18":0,"19":0,"20":0,"21":0,"22":0,"23":2},"f":{"0":1,"1":0,"2":0},"b":{"0":[1,0],"1":[1,0],"2":[0,0],"3":[0,0],"4":[0,0]},"_coverageSchema":"1a1c01bbd47fc00a2c39e90264f33305004495a9","hash":"6d9e7c1a46065632586dd409ce7758d1d8fffeaf"}
,"C:\\Users\\daved\\OneDrive\\Documents\\Fabtrack\\RandomBack - Copy\\src\\services\\equipment.service.js": {"path":"C:\\Users\\daved\\OneDrive\\Documents\\Fabtrack\\RandomBack - Copy\\src\\services\\equipment.service.js","statementMap":{"0":{"start":{"line":1,"column":32},"end":{"line":1,"column":52}},"1":{"start":{"line":3,"column":25},"end":{"line":59,"column":1}},"2":{"start":{"line":5,"column":22},"end":{"line":5,"column":60}},"3":{"start":{"line":7,"column":4},"end":{"line":12,"column":7}},"4":{"start":{"line":14,"column":4},"end":{"line":14,"column":21}},"5":{"start":{"line":18,"column":22},"end":{"line":18,"column":59}},"6":{"start":{"line":19,"column":4},"end":{"line":19,"column":59}},"7":{"start":{"line":19,"column":20},"end":{"line":19,"column":59}},"8":{"start":{"line":21,"column":4},"end":{"line":21,"column":44}},"9":{"start":{"line":22,"column":4},"end":{"line":22,"column":27}},"10":{"start":{"line":24,"column":4},"end":{"line":29,"column":7}},"11":{"start":{"line":31,"column":4},"end":{"line":31,"column":21}},"12":{"start":{"line":35,"column":22},"end":{"line":35,"column":59}},"13":{"start":{"line":36,"column":4},"end":{"line":36,"column":59}},"14":{"start":{"line":36,"column":20},"end":{"line":36,"column":59}},"15":{"start":{"line":38,"column":4},"end":{"line":38,"column":69}},"16":{"start":{"line":40,"column":4},"end":{"line":45,"column":7}},"17":{"start":{"line":47,"column":4},"end":{"line":47,"column":44}},"18":{"start":{"line":51,"column":4},"end":{"line":51,"column":37}},"19":{"start":{"line":55,"column":22},"end":{"line":55,"column":59}},"20":{"start":{"line":56,"column":4},"end":{"line":56,"column":59}},"21":{"start":{"line":56,"column":20},"end":{"line":56,"column":59}},"22":{"start":{"line":57,"column":4},"end":{"line":57,"column":21}},"23":{"start":{"line":61,"column":0},"end":{"line":61,"column":34}}},"fnMap":{"0":{"name":"(anonymous_0)","decl":{"start":{"line":4,"column":16},"end":{"line":4,"column":17}},"loc":{"start":{"line":4,"column":40},"end":{"line":15,"column":3}},"line":4},"1":{"name":"(anonymous_1)","decl":{"start":{"line":17,"column":19},"end":{"line":17,"column":20}},"loc":{"start":{"line":17,"column":56},"end":{"line":32,"column":3}},"line":17},"2":{"name":"(anonymous_2)","decl":{"start":{"line":34,"column":19},"end":{"line":34,"column":20}},"loc":{"start":{"line":34,"column":50},"end":{"line":48,"column":3}},"line":34},"3":{"name":"(anonymous_3)","decl":{"start":{"line":50,"column":19},"end":{"line":50,"column":20}},"loc":{"start":{"line":50,"column":31},"end":{"line":52,"column":3}},"line":50},"4":{"name":"(anonymous_4)","decl":{"start":{"line":54,"column":20},"end":{"line":54,"column":21}},"loc":{"start":{"line":54,"column":43},"end":{"line":58,"column":3}},"line":54}},"branchMap":{"0":{"loc":{"start":{"line":19,"column":4},"end":{"line":19,"column":59}},"type":"if","locations":[{"start":{"line":19,"column":4},"end":{"line":19,"column":59}},{"start":{},"end":{}}],"line":19},"1":{"loc":{"start":{"line":21,"column":21},"end":{"line":21,"column":43}},"type":"binary-expr","locations":[{"start":{"line":21,"column":21},"end":{"line":21,"column":25}},{"start":{"line":21,"column":29},"end":{"line":21,"column":43}}],"line":21},"2":{"loc":{"start":{"line":36,"column":4},"end":{"line":36,"column":59}},"type":"if","locations":[{"start":{"line":36,"column":4},"end":{"line":36,"column":59}},{"start":{},"end":{}}],"line":36},"3":{"loc":{"start":{"line":56,"column":4},"end":{"line":56,"column":59}},"type":"if","locations":[{"start":{"line":56,"column":4},"end":{"line":56,"column":59}},{"start":{},"end":{}}],"line":56}},"s":{"0":2,"1":2,"2":1,"3":1,"4":1,"5":2,"6":2,"7":1,"8":1,"9":1,"10":1,"11":1,"12":0,"13":0,"14":0,"15":0,"16":0,"17":0,"18":0,"19":0,"20":0,"21":0,"22":0,"23":2},"f":{"0":1,"1":2,"2":0,"3":0,"4":0},"b":{"0":[1,1],"1":[1,0],"2":[0,0],"3":[0,0]},"_coverageSchema":"1a1c01bbd47fc00a2c39e90264f33305004495a9","hash":"6a70ca744ba6bf7e19e1615ef7010d592a132451"}
}
